/Users/yonatanp/Library/Python/3.9/lib/python/site-packages/urllib3/__init__.py:35: NotOpenSSLWarning: urllib3 v2 only supports OpenSSL 1.1.1+, currently the 'ssl' module is compiled with 'LibreSSL 2.8.3'. See: https://github.com/urllib3/urllib3/issues/3020
  warnings.warn(
[bookverse-core-demo] 2025-09-13 11:41:01,094 - root - INFO - ✅ Logging configured for bookverse-core-demo (level: INFO)
[bookverse-core-demo] 2025-09-13 11:41:01,095 - bookverse_core.api.app_factory - INFO - ✅ CORS middleware enabled
[bookverse-core-demo] 2025-09-13 11:41:01,095 - bookverse_core.api.app_factory - INFO - ✅ JWT authentication middleware enabled
[bookverse-core-demo] 2025-09-13 11:41:01,096 - bookverse_core.api.app_factory - INFO - ✅ FastAPI application created: BookVerse Core Demo Service v0.1.0
[bookverse-core-demo] 2025-09-13 11:41:01,149 - __main__ - INFO - 🚀 BookVerse Core Demo Service v0.1.0 starting up on port 8000
INFO:     Will watch for changes in these directories: ['/Users/yonatanp/playground/AppTrust-BookVerse/bookverse-demo/bookverse-core']
INFO:     Uvicorn running on http://0.0.0.0:8000 (Press CTRL+C to quit)
INFO:     Started reloader process [63317] using WatchFiles
/Users/yonatanp/Library/Python/3.9/lib/python/site-packages/urllib3/__init__.py:35: NotOpenSSLWarning: urllib3 v2 only supports OpenSSL 1.1.1+, currently the 'ssl' module is compiled with 'LibreSSL 2.8.3'. See: https://github.com/urllib3/urllib3/issues/3020
  warnings.warn(
[bookverse-core-demo] 2025-09-13 11:41:01,847 - root - INFO - ✅ Logging configured for bookverse-core-demo (level: INFO)
[bookverse-core-demo] 2025-09-13 11:41:01,847 - bookverse_core.api.app_factory - INFO - ✅ CORS middleware enabled
[bookverse-core-demo] 2025-09-13 11:41:01,847 - bookverse_core.api.app_factory - INFO - ✅ JWT authentication middleware enabled
[bookverse-core-demo] 2025-09-13 11:41:01,848 - bookverse_core.api.app_factory - INFO - ✅ FastAPI application created: BookVerse Core Demo Service v0.1.0
[bookverse-core-demo] 2025-09-13 11:41:01,938 - root - INFO - ✅ Logging configured for bookverse-core-demo (level: INFO)
[bookverse-core-demo] 2025-09-13 11:41:01,938 - bookverse_core.api.app_factory - INFO - ✅ CORS middleware enabled
[bookverse-core-demo] 2025-09-13 11:41:01,938 - bookverse_core.api.app_factory - INFO - ✅ JWT authentication middleware enabled
[bookverse-core-demo] 2025-09-13 11:41:01,939 - bookverse_core.api.app_factory - INFO - ✅ FastAPI application created: BookVerse Core Demo Service v0.1.0
INFO:     Started server process [63358]
INFO:     Waiting for application startup.
[bookverse-core-demo] 2025-09-13 11:41:01,941 - bookverse_core.api.app_factory - INFO - 🚀 Starting BookVerse Core Demo Service v0.1.0
[bookverse-core-demo] 2025-09-13 11:41:01,941 - bookverse_core.api.app_factory - INFO - 📋 Environment: development
[bookverse-core-demo] 2025-09-13 11:41:01,941 - bookverse_core.api.app_factory - INFO - 🔐 Auth enabled: True
INFO:     Application startup complete.
[bookverse-core-demo] 2025-09-13 11:41:05,654 - bookverse_core.auth.oidc - ERROR - ❌ Failed to fetch OIDC configuration: HTTPSConnectionPool(host='dev-auth.bookverse.com', port=443): Max retries exceeded with url: /.well-known/openid_configuration (Caused by NameResolutionError("<urllib3.connection.HTTPSConnection object at 0x112cba040>: Failed to resolve 'dev-auth.bookverse.com' ([Errno 8] nodename nor servname provided, or not known)"))
[bookverse-core-demo] 2025-09-13 11:41:05,655 - bookverse_core.auth.health - ERROR - ❌ Authentication connectivity check failed: 503: Authentication service unavailable
INFO:     127.0.0.1:56642 - "GET /health HTTP/1.1" 200 OK
[bookverse-core-demo] 2025-09-13 11:41:05,678 - bookverse_core.api.middleware - INFO - 📥 Request: {'request_id': 'unknown', 'method': 'GET', 'url': 'http://localhost:8000/demo/info', 'client_ip': '127.0.0.1', 'user_agent': 'curl/8.7.1'}
[bookverse-core-demo] 2025-09-13 11:41:05,678 - main - INFO - 📋 Demo info endpoint accessed
[bookverse-core-demo] 2025-09-13 11:41:05,679 - bookverse_core.api.middleware - INFO - 📤 Response: {'request_id': 'unknown', 'status_code': 200, 'duration_ms': 0.94}
INFO:     127.0.0.1:56644 - "GET /demo/info HTTP/1.1" 200 OK
[bookverse-core-demo] 2025-09-13 11:41:05,699 - bookverse_core.api.middleware - INFO - 📥 Request: {'request_id': 'unknown', 'method': 'GET', 'url': 'http://localhost:8000/demo/summary', 'client_ip': '127.0.0.1', 'user_agent': 'curl/8.7.1'}
[bookverse-core-demo] 2025-09-13 11:41:05,699 - main - INFO - 📊 Demo summary endpoint accessed
[bookverse-core-demo] 2025-09-13 11:41:05,700 - bookverse_core.api.middleware - INFO - 📤 Response: {'request_id': 'unknown', 'status_code': 200, 'duration_ms': 1.11}
INFO:     127.0.0.1:56646 - "GET /demo/summary HTTP/1.1" 200 OK
INFO:     Shutting down
INFO:     Waiting for application shutdown.
[bookverse-core-demo] 2025-09-13 11:41:05,858 - bookverse_core.api.app_factory - INFO - 🛑 Shutting down BookVerse Core Demo Service
INFO:     Application shutdown complete.
INFO:     Finished server process [63358]
INFO:     Stopping reloader process [63317]
