#0 building with "rancher-desktop" instance using docker driver

#1 [internal] load build definition from Dockerfile
#1 transferring dockerfile: 2.26kB done
#1 DONE 0.0s

#2 [internal] load metadata for docker.io/library/python:3.11-slim
#2 DONE 1.8s

#3 [internal] load .dockerignore
#3 transferring context: 2B done
#3 DONE 0.0s

#4 [ 1/13] FROM docker.io/library/python:3.11-slim@sha256:91e9d01cf4bd56be7128c603506b6fe367ef7506f9f2ad8f3a908aeec8941bb9
#4 DONE 0.0s

#5 [internal] load build context
#5 transferring context: 31.78kB done
#5 DONE 0.0s

#6 [ 4/13] COPY requirements.txt .
#6 CACHED

#7 [ 5/13] COPY requirements-dev.txt .
#7 CACHED

#8 [ 2/13] WORKDIR /app
#8 CACHED

#9 [ 3/13] RUN apt-get update && apt-get install -y     curl     && rm -rf /var/lib/apt/lists/*
#9 CACHED

#10 [ 6/13] RUN pip install --no-cache-dir -r requirements.txt
#10 CACHED

#11 [ 7/13] COPY bookverse_core/ ./bookverse_core/
#11 DONE 0.0s

#12 [ 8/13] COPY pyproject.toml .
#12 DONE 0.0s

#13 [ 9/13] RUN pip install -e .
#13 0.698 Obtaining file:///app
#13 0.700   Installing build dependencies: started
#13 3.432   Installing build dependencies: finished with status 'done'
#13 3.432   Checking if build backend supports build_editable: started
#13 3.528   Checking if build backend supports build_editable: finished with status 'done'
#13 3.529   Getting requirements to build editable: started
#13 3.650   Getting requirements to build editable: finished with status 'done'
#13 3.651   Preparing editable metadata (pyproject.toml): started
#13 3.752   Preparing editable metadata (pyproject.toml): finished with status 'done'
#13 3.761 Requirement already satisfied: fastapi>=0.111.0 in /usr/local/lib/python3.11/site-packages (from bookverse-core==0.1.0) (0.111.0)
#13 3.763 Requirement already satisfied: uvicorn>=0.30.0 in /usr/local/lib/python3.11/site-packages (from uvicorn[standard]>=0.30.0->bookverse-core==0.1.0) (0.30.0)
#13 3.767 Requirement already satisfied: pydantic>=2.5.0 in /usr/local/lib/python3.11/site-packages (from bookverse-core==0.1.0) (2.5.0)
#13 3.768 Requirement already satisfied: python-jose>=3.3.0 in /usr/local/lib/python3.11/site-packages (from python-jose[cryptography]>=3.3.0->bookverse-core==0.1.0) (3.3.0)
#13 3.769 Requirement already satisfied: python-multipart>=0.0.9 in /usr/local/lib/python3.11/site-packages (from bookverse-core==0.1.0) (0.0.9)
#13 3.770 Requirement already satisfied: requests>=2.31.0 in /usr/local/lib/python3.11/site-packages (from bookverse-core==0.1.0) (2.31.0)
#13 3.771 Requirement already satisfied: PyYAML>=6.0.1 in /usr/local/lib/python3.11/site-packages (from bookverse-core==0.1.0) (6.0.1)
#13 3.773 Requirement already satisfied: sqlalchemy>=2.0.23 in /usr/local/lib/python3.11/site-packages (from bookverse-core==0.1.0) (2.0.23)
#13 3.781 Requirement already satisfied: starlette<0.38.0,>=0.37.2 in /usr/local/lib/python3.11/site-packages (from fastapi>=0.111.0->bookverse-core==0.1.0) (0.37.2)
#13 3.784 Requirement already satisfied: typing-extensions>=4.8.0 in /usr/local/lib/python3.11/site-packages (from fastapi>=0.111.0->bookverse-core==0.1.0) (4.15.0)
#13 3.785 Requirement already satisfied: fastapi-cli>=0.0.2 in /usr/local/lib/python3.11/site-packages (from fastapi>=0.111.0->bookverse-core==0.1.0) (0.0.11)
#13 3.786 Requirement already satisfied: httpx>=0.23.0 in /usr/local/lib/python3.11/site-packages (from fastapi>=0.111.0->bookverse-core==0.1.0) (0.28.1)
#13 3.787 Requirement already satisfied: jinja2>=2.11.2 in /usr/local/lib/python3.11/site-packages (from fastapi>=0.111.0->bookverse-core==0.1.0) (3.1.6)
#13 3.788 Requirement already satisfied: ujson!=4.0.2,!=4.1.0,!=4.2.0,!=4.3.0,!=5.0.0,!=5.1.0,>=4.0.1 in /usr/local/lib/python3.11/site-packages (from fastapi>=0.111.0->bookverse-core==0.1.0) (5.11.0)
#13 3.790 Requirement already satisfied: orjson>=3.2.1 in /usr/local/lib/python3.11/site-packages (from fastapi>=0.111.0->bookverse-core==0.1.0) (3.11.3)
#13 3.791 Requirement already satisfied: email_validator>=2.0.0 in /usr/local/lib/python3.11/site-packages (from fastapi>=0.111.0->bookverse-core==0.1.0) (2.3.0)
#13 3.796 Requirement already satisfied: annotated-types>=0.4.0 in /usr/local/lib/python3.11/site-packages (from pydantic>=2.5.0->bookverse-core==0.1.0) (0.7.0)
#13 3.797 Requirement already satisfied: pydantic-core==2.14.1 in /usr/local/lib/python3.11/site-packages (from pydantic>=2.5.0->bookverse-core==0.1.0) (2.14.1)
#13 3.804 Requirement already satisfied: ecdsa!=0.15 in /usr/local/lib/python3.11/site-packages (from python-jose>=3.3.0->python-jose[cryptography]>=3.3.0->bookverse-core==0.1.0) (0.19.1)
#13 3.805 Requirement already satisfied: rsa in /usr/local/lib/python3.11/site-packages (from python-jose>=3.3.0->python-jose[cryptography]>=3.3.0->bookverse-core==0.1.0) (4.9.1)
#13 3.805 Requirement already satisfied: pyasn1 in /usr/local/lib/python3.11/site-packages (from python-jose>=3.3.0->python-jose[cryptography]>=3.3.0->bookverse-core==0.1.0) (0.6.1)
#13 3.810 Requirement already satisfied: cryptography>=3.4.0 in /usr/local/lib/python3.11/site-packages (from python-jose[cryptography]>=3.3.0->bookverse-core==0.1.0) (45.0.7)
#13 3.819 Requirement already satisfied: charset-normalizer<4,>=2 in /usr/local/lib/python3.11/site-packages (from requests>=2.31.0->bookverse-core==0.1.0) (3.4.3)
#13 3.820 Requirement already satisfied: idna<4,>=2.5 in /usr/local/lib/python3.11/site-packages (from requests>=2.31.0->bookverse-core==0.1.0) (3.10)
#13 3.821 Requirement already satisfied: urllib3<3,>=1.21.1 in /usr/local/lib/python3.11/site-packages (from requests>=2.31.0->bookverse-core==0.1.0) (2.5.0)
#13 3.821 Requirement already satisfied: certifi>=2017.4.17 in /usr/local/lib/python3.11/site-packages (from requests>=2.31.0->bookverse-core==0.1.0) (2025.8.3)
#13 3.836 Requirement already satisfied: greenlet!=0.4.17 in /usr/local/lib/python3.11/site-packages (from sqlalchemy>=2.0.23->bookverse-core==0.1.0) (3.2.4)
#13 3.841 Requirement already satisfied: click>=7.0 in /usr/local/lib/python3.11/site-packages (from uvicorn>=0.30.0->uvicorn[standard]>=0.30.0->bookverse-core==0.1.0) (8.2.1)
#13 3.842 Requirement already satisfied: h11>=0.8 in /usr/local/lib/python3.11/site-packages (from uvicorn>=0.30.0->uvicorn[standard]>=0.30.0->bookverse-core==0.1.0) (0.16.0)
#13 3.850 Requirement already satisfied: httptools>=0.5.0 in /usr/local/lib/python3.11/site-packages (from uvicorn[standard]>=0.30.0->bookverse-core==0.1.0) (0.6.4)
#13 3.851 Requirement already satisfied: python-dotenv>=0.13 in /usr/local/lib/python3.11/site-packages (from uvicorn[standard]>=0.30.0->bookverse-core==0.1.0) (1.1.1)
#13 3.853 Requirement already satisfied: uvloop!=0.15.0,!=0.15.1,>=0.14.0 in /usr/local/lib/python3.11/site-packages (from uvicorn[standard]>=0.30.0->bookverse-core==0.1.0) (0.21.0)
#13 3.854 Requirement already satisfied: watchfiles>=0.13 in /usr/local/lib/python3.11/site-packages (from uvicorn[standard]>=0.30.0->bookverse-core==0.1.0) (1.1.0)
#13 3.855 Requirement already satisfied: websockets>=10.4 in /usr/local/lib/python3.11/site-packages (from uvicorn[standard]>=0.30.0->bookverse-core==0.1.0) (15.0.1)
#13 3.868 Requirement already satisfied: cffi>=1.14 in /usr/local/lib/python3.11/site-packages (from cryptography>=3.4.0->python-jose[cryptography]>=3.3.0->bookverse-core==0.1.0) (2.0.0)
#13 3.871 Requirement already satisfied: six>=1.9.0 in /usr/local/lib/python3.11/site-packages (from ecdsa!=0.15->python-jose>=3.3.0->python-jose[cryptography]>=3.3.0->bookverse-core==0.1.0) (1.17.0)
#13 3.874 Requirement already satisfied: dnspython>=2.0.0 in /usr/local/lib/python3.11/site-packages (from email_validator>=2.0.0->fastapi>=0.111.0->bookverse-core==0.1.0) (2.8.0)
#13 3.879 Requirement already satisfied: typer>=0.15.1 in /usr/local/lib/python3.11/site-packages (from fastapi-cli>=0.0.2->fastapi>=0.111.0->bookverse-core==0.1.0) (0.17.4)
#13 3.879 Requirement already satisfied: rich-toolkit>=0.14.8 in /usr/local/lib/python3.11/site-packages (from fastapi-cli>=0.0.2->fastapi>=0.111.0->bookverse-core==0.1.0) (0.15.1)
#13 3.890 Requirement already satisfied: anyio in /usr/local/lib/python3.11/site-packages (from httpx>=0.23.0->fastapi>=0.111.0->bookverse-core==0.1.0) (4.10.0)
#13 3.891 Requirement already satisfied: httpcore==1.* in /usr/local/lib/python3.11/site-packages (from httpx>=0.23.0->fastapi>=0.111.0->bookverse-core==0.1.0) (1.0.9)
#13 3.900 Requirement already satisfied: MarkupSafe>=2.0 in /usr/local/lib/python3.11/site-packages (from jinja2>=2.11.2->fastapi>=0.111.0->bookverse-core==0.1.0) (3.0.2)
#13 3.929 Requirement already satisfied: sniffio>=1.1 in /usr/local/lib/python3.11/site-packages (from anyio->httpx>=0.23.0->fastapi>=0.111.0->bookverse-core==0.1.0) (1.3.1)
#13 3.932 Requirement already satisfied: pycparser in /usr/local/lib/python3.11/site-packages (from cffi>=1.14->cryptography>=3.4.0->python-jose[cryptography]>=3.3.0->bookverse-core==0.1.0) (2.23)
#13 3.945 Requirement already satisfied: rich>=13.7.1 in /usr/local/lib/python3.11/site-packages (from rich-toolkit>=0.14.8->fastapi-cli>=0.0.2->fastapi>=0.111.0->bookverse-core==0.1.0) (14.1.0)
#13 3.951 Requirement already satisfied: shellingham>=1.3.0 in /usr/local/lib/python3.11/site-packages (from typer>=0.15.1->fastapi-cli>=0.0.2->fastapi>=0.111.0->bookverse-core==0.1.0) (1.5.4)
#13 3.955 Requirement already satisfied: markdown-it-py>=2.2.0 in /usr/local/lib/python3.11/site-packages (from rich>=13.7.1->rich-toolkit>=0.14.8->fastapi-cli>=0.0.2->fastapi>=0.111.0->bookverse-core==0.1.0) (4.0.0)
#13 3.956 Requirement already satisfied: pygments<3.0.0,>=2.13.0 in /usr/local/lib/python3.11/site-packages (from rich>=13.7.1->rich-toolkit>=0.14.8->fastapi-cli>=0.0.2->fastapi>=0.111.0->bookverse-core==0.1.0) (2.19.2)
#13 3.971 Requirement already satisfied: mdurl~=0.1 in /usr/local/lib/python3.11/site-packages (from markdown-it-py>=2.2.0->rich>=13.7.1->rich-toolkit>=0.14.8->fastapi-cli>=0.0.2->fastapi>=0.111.0->bookverse-core==0.1.0) (0.1.2)
#13 3.979 Building wheels for collected packages: bookverse-core
#13 3.979   Building editable for bookverse-core (pyproject.toml): started
#13 4.089   Building editable for bookverse-core (pyproject.toml): finished with status 'done'
#13 4.090   Created wheel for bookverse-core: filename=bookverse_core-0.1.0-0.editable-py3-none-any.whl size=3294 sha256=e8aacfafc5b285bc7baf160581bb8eeae6543d67ce7ee1602c7de9814593bcb9
#13 4.090   Stored in directory: /tmp/pip-ephem-wheel-cache-mx276noi/wheels/57/0f/98/bb57b2b57b95807699b822a35c022f139d38a02c27922f27ce
#13 4.092 Successfully built bookverse-core
#13 4.209 Installing collected packages: bookverse-core
#13 4.217 Successfully installed bookverse-core-0.1.0
#13 4.217 WARNING: Running pip as the 'root' user can result in broken permissions and conflicting behaviour with the system package manager. It is recommended to use a virtual environment instead: https://pip.pypa.io/warnings/venv
#13 4.221 
#13 4.221 [notice] A new release of pip is available: 24.0 -> 25.2
#13 4.221 [notice] To update, run: pip install --upgrade pip
#13 DONE 4.3s

#14 [10/13] COPY app/ ./app/
#14 DONE 0.1s

#15 [11/13] COPY config/ ./config/
#15 DONE 0.0s

#16 [12/13] RUN mkdir -p /app/data
#16 DONE 0.2s

#17 [13/13] RUN useradd --create-home --shell /bin/bash demo &&     chown -R demo:demo /app
#17 DONE 0.4s

#18 exporting to image
#18 exporting layers 0.1s done
#18 writing image sha256:8e4051f7a802769bf71a57da499f6298d83de3fd8bd54a1e621912efa2a77139 done
#18 naming to docker.io/library/bookverse-core-final-test done
#18 DONE 0.1s

 [33m1 warning found (use docker --debug to expand):
[0m - SecretsUsedInArgOrEnv: Do not use ARG or ENV instructions for sensitive data (ENV "DEMO_AUTH_ENABLED") (line 15)
