Defaulting to user installation because normal site-packages is not writeable
Obtaining file:///Users/yonatanp/playground/AppTrust-BookVerse/bookverse-demo/bookverse-core
  Installing build dependencies: started
  Installing build dependencies: finished with status 'done'
  Checking if build backend supports build_editable: started
  Checking if build backend supports build_editable: finished with status 'done'
  Getting requirements to build editable: started
  Getting requirements to build editable: finished with status 'done'
  Preparing editable metadata (pyproject.toml): started
  Preparing editable metadata (pyproject.toml): finished with status 'done'
Requirement already satisfied: fastapi>=0.111.0 in /Users/yonatanp/Library/Python/3.9/lib/python/site-packages (from bookverse-core==0.1.0) (0.111.0)
Requirement already satisfied: uvicorn>=0.30.0 in /Users/yonatanp/Library/Python/3.9/lib/python/site-packages (from uvicorn[standard]>=0.30.0->bookverse-core==0.1.0) (0.30.0)
Requirement already satisfied: pydantic>=2.5.0 in /Users/yonatanp/Library/Python/3.9/lib/python/site-packages (from bookverse-core==0.1.0) (2.5.0)
Requirement already satisfied: python-jose>=3.3.0 in /Users/yonatanp/Library/Python/3.9/lib/python/site-packages (from python-jose[cryptography]>=3.3.0->bookverse-core==0.1.0) (3.3.0)
Requirement already satisfied: python-multipart>=0.0.9 in /Users/yonatanp/Library/Python/3.9/lib/python/site-packages (from bookverse-core==0.1.0) (0.0.9)
Requirement already satisfied: requests>=2.31.0 in /Users/yonatanp/Library/Python/3.9/lib/python/site-packages (from bookverse-core==0.1.0) (2.31.0)
Requirement already satisfied: PyYAML>=6.0.1 in /Users/yonatanp/Library/Python/3.9/lib/python/site-packages (from bookverse-core==0.1.0) (6.0.2)
Requirement already satisfied: sqlalchemy>=2.0.23 in /Users/yonatanp/Library/Python/3.9/lib/python/site-packages (from bookverse-core==0.1.0) (2.0.23)
Requirement already satisfied: starlette<0.38.0,>=0.37.2 in /Users/yonatanp/Library/Python/3.9/lib/python/site-packages (from fastapi>=0.111.0->bookverse-core==0.1.0) (0.37.2)
Requirement already satisfied: typing-extensions>=4.8.0 in /Users/yonatanp/Library/Python/3.9/lib/python/site-packages (from fastapi>=0.111.0->bookverse-core==0.1.0) (4.15.0)
Requirement already satisfied: fastapi-cli>=0.0.2 in /Users/yonatanp/Library/Python/3.9/lib/python/site-packages (from fastapi>=0.111.0->bookverse-core==0.1.0) (0.0.8)
Requirement already satisfied: httpx>=0.23.0 in /Users/yonatanp/Library/Python/3.9/lib/python/site-packages (from fastapi>=0.111.0->bookverse-core==0.1.0) (0.27.0)
Requirement already satisfied: jinja2>=2.11.2 in /Users/yonatanp/Library/Python/3.9/lib/python/site-packages (from fastapi>=0.111.0->bookverse-core==0.1.0) (3.1.6)
Requirement already satisfied: ujson!=4.0.2,!=4.1.0,!=4.2.0,!=4.3.0,!=5.0.0,!=5.1.0,>=4.0.1 in /Users/yonatanp/Library/Python/3.9/lib/python/site-packages (from fastapi>=0.111.0->bookverse-core==0.1.0) (5.11.0)
Requirement already satisfied: orjson>=3.2.1 in /Users/yonatanp/Library/Python/3.9/lib/python/site-packages (from fastapi>=0.111.0->bookverse-core==0.1.0) (3.11.3)
Requirement already satisfied: email_validator>=2.0.0 in /Users/yonatanp/Library/Python/3.9/lib/python/site-packages (from fastapi>=0.111.0->bookverse-core==0.1.0) (2.3.0)
Requirement already satisfied: annotated-types>=0.4.0 in /Users/yonatanp/Library/Python/3.9/lib/python/site-packages (from pydantic>=2.5.0->bookverse-core==0.1.0) (0.7.0)
Requirement already satisfied: pydantic-core==2.14.1 in /Users/yonatanp/Library/Python/3.9/lib/python/site-packages (from pydantic>=2.5.0->bookverse-core==0.1.0) (2.14.1)
Requirement already satisfied: ecdsa!=0.15 in /Users/yonatanp/Library/Python/3.9/lib/python/site-packages (from python-jose>=3.3.0->python-jose[cryptography]>=3.3.0->bookverse-core==0.1.0) (0.19.1)
Requirement already satisfied: rsa in /Users/yonatanp/Library/Python/3.9/lib/python/site-packages (from python-jose>=3.3.0->python-jose[cryptography]>=3.3.0->bookverse-core==0.1.0) (4.9.1)
Requirement already satisfied: pyasn1 in /Users/yonatanp/Library/Python/3.9/lib/python/site-packages (from python-jose>=3.3.0->python-jose[cryptography]>=3.3.0->bookverse-core==0.1.0) (0.6.1)
Requirement already satisfied: cryptography>=3.4.0 in /Users/yonatanp/Library/Python/3.9/lib/python/site-packages (from python-jose[cryptography]>=3.3.0->bookverse-core==0.1.0) (45.0.7)
Requirement already satisfied: charset-normalizer<4,>=2 in /Users/yonatanp/Library/Python/3.9/lib/python/site-packages (from requests>=2.31.0->bookverse-core==0.1.0) (3.4.3)
Requirement already satisfied: idna<4,>=2.5 in /Users/yonatanp/Library/Python/3.9/lib/python/site-packages (from requests>=2.31.0->bookverse-core==0.1.0) (3.10)
Requirement already satisfied: urllib3<3,>=1.21.1 in /Users/yonatanp/Library/Python/3.9/lib/python/site-packages (from requests>=2.31.0->bookverse-core==0.1.0) (2.5.0)
Requirement already satisfied: certifi>=2017.4.17 in /Users/yonatanp/Library/Python/3.9/lib/python/site-packages (from requests>=2.31.0->bookverse-core==0.1.0) (2025.8.3)
Requirement already satisfied: click>=7.0 in /Users/yonatanp/Library/Python/3.9/lib/python/site-packages (from uvicorn>=0.30.0->uvicorn[standard]>=0.30.0->bookverse-core==0.1.0) (8.1.8)
Requirement already satisfied: h11>=0.8 in /Users/yonatanp/Library/Python/3.9/lib/python/site-packages (from uvicorn>=0.30.0->uvicorn[standard]>=0.30.0->bookverse-core==0.1.0) (0.16.0)
Requirement already satisfied: httptools>=0.5.0 in /Users/yonatanp/Library/Python/3.9/lib/python/site-packages (from uvicorn[standard]>=0.30.0->bookverse-core==0.1.0) (0.6.4)
Requirement already satisfied: python-dotenv>=0.13 in /Users/yonatanp/Library/Python/3.9/lib/python/site-packages (from uvicorn[standard]>=0.30.0->bookverse-core==0.1.0) (1.0.1)
Requirement already satisfied: uvloop!=0.15.0,!=0.15.1,>=0.14.0 in /Users/yonatanp/Library/Python/3.9/lib/python/site-packages (from uvicorn[standard]>=0.30.0->bookverse-core==0.1.0) (0.21.0)
Requirement already satisfied: watchfiles>=0.13 in /Users/yonatanp/Library/Python/3.9/lib/python/site-packages (from uvicorn[standard]>=0.30.0->bookverse-core==0.1.0) (1.1.0)
Requirement already satisfied: websockets>=10.4 in /Users/yonatanp/Library/Python/3.9/lib/python/site-packages (from uvicorn[standard]>=0.30.0->bookverse-core==0.1.0) (15.0.1)
Requirement already satisfied: cffi>=1.14 in /Users/yonatanp/Library/Python/3.9/lib/python/site-packages (from cryptography>=3.4.0->python-jose[cryptography]>=3.3.0->bookverse-core==0.1.0) (2.0.0)
Requirement already satisfied: six>=1.9.0 in /Library/Developer/CommandLineTools/Library/Frameworks/Python3.framework/Versions/3.9/lib/python3.9/site-packages (from ecdsa!=0.15->python-jose>=3.3.0->python-jose[cryptography]>=3.3.0->bookverse-core==0.1.0) (1.15.0)
Requirement already satisfied: dnspython>=2.0.0 in /Users/yonatanp/Library/Python/3.9/lib/python/site-packages (from email_validator>=2.0.0->fastapi>=0.111.0->bookverse-core==0.1.0) (2.7.0)
Requirement already satisfied: typer>=0.15.1 in /Users/yonatanp/Library/Python/3.9/lib/python/site-packages (from fastapi-cli>=0.0.2->fastapi>=0.111.0->bookverse-core==0.1.0) (0.16.1)
Requirement already satisfied: rich-toolkit>=0.14.8 in /Users/yonatanp/Library/Python/3.9/lib/python/site-packages (from fastapi-cli>=0.0.2->fastapi>=0.111.0->bookverse-core==0.1.0) (0.15.0)
Requirement already satisfied: anyio in /Users/yonatanp/Library/Python/3.9/lib/python/site-packages (from httpx>=0.23.0->fastapi>=0.111.0->bookverse-core==0.1.0) (4.10.0)
Requirement already satisfied: httpcore==1.* in /Users/yonatanp/Library/Python/3.9/lib/python/site-packages (from httpx>=0.23.0->fastapi>=0.111.0->bookverse-core==0.1.0) (1.0.9)
Requirement already satisfied: sniffio in /Users/yonatanp/Library/Python/3.9/lib/python/site-packages (from httpx>=0.23.0->fastapi>=0.111.0->bookverse-core==0.1.0) (1.3.1)
Requirement already satisfied: MarkupSafe>=2.0 in /Users/yonatanp/Library/Python/3.9/lib/python/site-packages (from jinja2>=2.11.2->fastapi>=0.111.0->bookverse-core==0.1.0) (3.0.2)
Requirement already satisfied: exceptiongroup>=1.0.2 in /Users/yonatanp/Library/Python/3.9/lib/python/site-packages (from anyio->httpx>=0.23.0->fastapi>=0.111.0->bookverse-core==0.1.0) (1.3.0)
Requirement already satisfied: pycparser in /Users/yonatanp/Library/Python/3.9/lib/python/site-packages (from cffi>=1.14->cryptography>=3.4.0->python-jose[cryptography]>=3.3.0->bookverse-core==0.1.0) (2.23)
Requirement already satisfied: rich>=13.7.1 in /Users/yonatanp/Library/Python/3.9/lib/python/site-packages (from rich-toolkit>=0.14.8->fastapi-cli>=0.0.2->fastapi>=0.111.0->bookverse-core==0.1.0) (14.1.0)
Requirement already satisfied: shellingham>=1.3.0 in /Users/yonatanp/Library/Python/3.9/lib/python/site-packages (from typer>=0.15.1->fastapi-cli>=0.0.2->fastapi>=0.111.0->bookverse-core==0.1.0) (1.5.4)
Requirement already satisfied: markdown-it-py>=2.2.0 in /Users/yonatanp/Library/Python/3.9/lib/python/site-packages (from rich>=13.7.1->rich-toolkit>=0.14.8->fastapi-cli>=0.0.2->fastapi>=0.111.0->bookverse-core==0.1.0) (3.0.0)
Requirement already satisfied: pygments<3.0.0,>=2.13.0 in /Users/yonatanp/Library/Python/3.9/lib/python/site-packages (from rich>=13.7.1->rich-toolkit>=0.14.8->fastapi-cli>=0.0.2->fastapi>=0.111.0->bookverse-core==0.1.0) (2.19.2)
Requirement already satisfied: mdurl~=0.1 in /Users/yonatanp/Library/Python/3.9/lib/python/site-packages (from markdown-it-py>=2.2.0->rich>=13.7.1->rich-toolkit>=0.14.8->fastapi-cli>=0.0.2->fastapi>=0.111.0->bookverse-core==0.1.0) (0.1.2)
Building wheels for collected packages: bookverse-core
  Building editable for bookverse-core (pyproject.toml): started
  Building editable for bookverse-core (pyproject.toml): finished with status 'done'
  Created wheel for bookverse-core: filename=bookverse_core-0.1.0-0.editable-py3-none-any.whl size=6824 sha256=c5e9a400466fcc1a0603e4c64394cc4892402e3e7c8e18272db98e90be344f64
  Stored in directory: /private/var/folders/hs/2p2qrv5d42g84__ztb50h3540000gq/T/pip-ephem-wheel-cache-7_c981o0/wheels/8c/c2/0b/547c9a0cabc10cebff0f78d12af8f58b0361b1dd3969133f40
Successfully built bookverse-core
Installing collected packages: bookverse-core
  Attempting uninstall: bookverse-core
    Found existing installation: bookverse-core 0.1.0
    Uninstalling bookverse-core-0.1.0:
      Successfully uninstalled bookverse-core-0.1.0
Successfully installed bookverse-core-0.1.0

[notice] A new release of pip is available: 24.3.1 -> 25.2
[notice] To update, run: /Library/Developer/CommandLineTools/usr/bin/python3 -m pip install --upgrade pip
